2024-07-16 17:39:31,567-Contextual Logger-DEBUG-This is a debug message-test_func-14-USER_ID:12-SESSION_ID:56
2024-07-16 17:39:31,567-Contextual Logger-DEBUG-This is a debug message-test_func-14-USER_ID:12-SESSION_ID:56
2024-07-16 17:39:31,567-Contextual Logger-DEBUG-This is a debug message-test_func-14-USER_ID:12-SESSION_ID:56
2024-07-16 17:39:31,567-Contextual Logger-DEBUG-This is a debug message-test_func-14-USER_ID:12-SESSION_ID:56
2024-07-16 17:39:31,567-Contextual Logger-INFO-This is an info message-test_func-15-USER_ID:12-SESSION_ID:56
2024-07-16 17:39:31,567-Contextual Logger-INFO-This is an info message-test_func-15-USER_ID:12-SESSION_ID:56
2024-07-16 17:39:31,567-Contextual Logger-INFO-This is an info message-test_func-15-USER_ID:12-SESSION_ID:56
2024-07-16 17:39:31,567-Contextual Logger-INFO-This is an info message-test_func-15-USER_ID:12-SESSION_ID:56
2024-07-16 17:39:31,568-Contextual Logger-CRITICAL-This is a critical message-test_func-16-USER_ID:12-SESSION_ID:56
2024-07-16 17:39:31,568-Contextual Logger-CRITICAL-This is a critical message-test_func-16-USER_ID:12-SESSION_ID:56
2024-07-16 17:39:31,568-Contextual Logger-CRITICAL-This is a critical message-test_func-16-USER_ID:12-SESSION_ID:56
2024-07-16 17:39:31,568-Contextual Logger-CRITICAL-This is a critical message-test_func-16-USER_ID:12-SESSION_ID:56
2024-07-16 17:39:31,568-Contextual Logger-WARNING-This is a warning message-test_func-17-USER_ID:12-SESSION_ID:56
2024-07-16 17:39:31,568-Contextual Logger-WARNING-This is a warning message-test_func-17-USER_ID:12-SESSION_ID:56
2024-07-16 17:39:31,568-Contextual Logger-WARNING-This is a warning message-test_func-17-USER_ID:12-SESSION_ID:56
2024-07-16 17:39:31,568-Contextual Logger-WARNING-This is a warning message-test_func-17-USER_ID:12-SESSION_ID:56
2024-07-16 17:39:31,569-Contextual Logger-ERROR-This is an error message-test_func-18-USER_ID:12-SESSION_ID:56
2024-07-16 17:39:31,569-Contextual Logger-ERROR-This is an error message-test_func-18-USER_ID:12-SESSION_ID:56
2024-07-16 17:39:31,569-Contextual Logger-ERROR-This is an error message-test_func-18-USER_ID:12-SESSION_ID:56
2024-07-16 17:39:31,569-Contextual Logger-ERROR-This is an error message-test_func-18-USER_ID:12-SESSION_ID:56
