2024-07-16 16:05:33,036-Contextual Logger-DEBUG-This is a debug message-test_func-14
2024-07-16 16:05:33,037-Contextual Logger-INFO-This is an info message-test_func-15
2024-07-16 16:05:33,037-Contextual Logger-CRITICAL-This is a critical message-test_func-16
2024-07-16 16:05:33,038-Contextual Logger-WARNING-This is a warning message-test_func-17
2024-07-16 16:05:33,038-Contextual Logger-ERROR-This is an error message-test_func-18
2024-07-16 16:10:41,858-Contextual Logger-DEBUG-This is a debug message-test_func-14
2024-07-16 16:10:41,893-Contextual Logger-INFO-This is an info message-test_func-15
2024-07-16 16:10:41,895-Contextual Logger-CRITICAL-This is a critical message-test_func-16
2024-07-16 16:10:41,897-Contextual Logger-WARNING-This is a warning message-test_func-17
2024-07-16 16:10:41,899-Contextual Logger-ERROR-This is an error message-test_func-18
2024-07-16 16:10:52,311-Contextual Logger-DEBUG-This is a debug message-test_func-14
2024-07-16 16:10:52,315-Contextual Logger-INFO-This is an info message-test_func-15
2024-07-16 16:10:52,317-Contextual Logger-CRITICAL-This is a critical message-test_func-16
2024-07-16 16:10:52,320-Contextual Logger-WARNING-This is a warning message-test_func-17
2024-07-16 16:10:52,322-Contextual Logger-ERROR-This is an error message-test_func-18
2024-07-16 17:36:35,905-Contextual Logger-DEBUG-This is a debug message-test_func-14
2024-07-16 17:36:35,910-Contextual Logger-INFO-This is an info message-test_func-15
2024-07-16 17:36:35,914-Contextual Logger-CRITICAL-This is a critical message-test_func-16
2024-07-16 17:36:35,918-Contextual Logger-WARNING-This is a warning message-test_func-17
2024-07-16 17:36:35,921-Contextual Logger-ERROR-This is an error message-test_func-18
2024-07-16 17:37:42,546-Contextual Logger-DEBUG-This is a debug message-test_func-14
2024-07-16 17:37:42,552-Contextual Logger-INFO-This is an info message-test_func-15
2024-07-16 17:37:42,556-Contextual Logger-CRITICAL-This is a critical message-test_func-16
2024-07-16 17:37:42,560-Contextual Logger-WARNING-This is a warning message-test_func-17
2024-07-16 17:39:31,567-Contextual Logger-DEBUG-This is a debug message-test_func-14
2024-07-16 17:39:31,567-Contextual Logger-DEBUG-This is a debug message-test_func-14-USER_ID:12-SESSION_ID:56
2024-07-16 17:39:31,567-Contextual Logger-INFO-This is an info message-test_func-15
2024-07-16 17:39:31,567-Contextual Logger-INFO-This is an info message-test_func-15-USER_ID:12-SESSION_ID:56
2024-07-16 17:39:31,568-Contextual Logger-CRITICAL-This is a critical message-test_func-16
2024-07-16 17:39:31,568-Contextual Logger-CRITICAL-This is a critical message-test_func-16-USER_ID:12-SESSION_ID:56
2024-07-16 17:39:31,568-Contextual Logger-WARNING-This is a warning message-test_func-17
2024-07-16 17:39:31,568-Contextual Logger-WARNING-This is a warning message-test_func-17-USER_ID:12-SESSION_ID:56
2024-07-16 17:39:31,569-Contextual Logger-ERROR-This is an error message-test_func-18
2024-07-16 17:39:31,569-Contextual Logger-ERROR-This is an error message-test_func-18-USER_ID:12-SESSION_ID:56
